<?xml version="1.0" encoding="UTF-8"?>
<!-- Generated by org.testng.reporters.JUnitReportReporter -->
<testsuite hostname="DESKTOP-AIQARNI" failures="0" tests="1" name="Page.basepage" time="1.972" errors="0" timestamp="2021-09-02T12:06:09 BST" skipped="0">
  <testcase classname="Page.basepage" name="runm" time="1.972"/>
  <system-out/>
</testsuite> <!-- Page.basepage -->
