<?xml version="1.0" encoding="UTF-8"?>
<!-- Generated by org.testng.reporters.JUnitReportReporter -->
<testsuite hostname="DESKTOP-AIQARNI" failures="0" tests="2" name="Page.basepage" time="6.479" errors="0" timestamp="2021-09-02T15:58:55 BST" skipped="0">
  <testcase classname="Page.basepage" name="runm" time="6.479"/>
  <system-out/>
  <testcase classname="Page.basepage" name="secondtest" time="0.000"/>
  <system-out/>
</testsuite> <!-- Page.basepage -->
